Open5GS daemon v2.7.0-84-g94bd68a

02/22 11:49:14.997: [app] INFO: Configuration: '/root/open5gs/install/etc/open5gs/bsf.yaml' (../lib/app/ogs-init.c:130)
02/22 11:49:14.997: [app] INFO: File Logging: '/root/open5gs/install/var/log/open5gs/bsf.log' (../lib/app/ogs-init.c:133)
02/22 11:49:15.016: [sbi] INFO: NF Service [nbsf-management] (../lib/sbi/context.c:1812)
02/22 11:49:15.055: [sbi] INFO: nghttp2_server() [http://127.0.0.15]:7777 (../lib/sbi/nghttp2-server.c:414)
02/22 11:49:15.068: [app] INFO: BSF initialize...done (../src/bsf/app.c:31)
02/22 11:49:15.083: [sbi] INFO: [670b88c0-d178-41ee-b9bf-3125c9ea2ed6] NF registered [Heartbeat:10s] (../lib/sbi/nf-sm.c:221)
02/22 11:49:15.118: [sbi] INFO: [6719cc00-d178-41ee-9082-7191f3c54296] Subscription created until 2024-02-23T11:49:15.108867+00:00 [duration:86400,validity:86399.990325,patch:43199.995162] (../lib/sbi/nnrf-handler.c:710)
Open5GS daemon v2.7.0-84-g94bd68a

02/22 15:05:20.843: [app] INFO: Configuration: '/root/open5gs/install/etc/open5gs/bsf.yaml' (../lib/app/ogs-init.c:130)
02/22 15:05:20.843: [app] INFO: File Logging: '/root/open5gs/install/var/log/open5gs/bsf.log' (../lib/app/ogs-init.c:133)
02/22 15:05:20.879: [sbi] INFO: NF Service [nbsf-management] (../lib/sbi/context.c:1812)
02/22 15:05:20.895: [sbi] INFO: nghttp2_server() [http://127.0.0.15]:7777 (../lib/sbi/nghttp2-server.c:414)
02/22 15:05:20.897: [app] INFO: BSF initialize...done (../src/bsf/app.c:31)
02/22 15:05:20.911: [sbi] WARNING: [7] Failed to connect to 127.0.0.200 port 7777 after 5 ms: Connection refused (../lib/sbi/client.c:698)
02/22 15:05:20.911: [sbi] WARNING: ogs_sbi_client_handler() failed [-1] (../lib/sbi/path.c:62)
02/22 15:05:31.891: [sbi] WARNING: [cc0bf7d0-d193-41ee-91f5-35f581fdcaf8] Retry registration with NRF (../lib/sbi/nf-sm.c:182)
02/22 15:05:31.893: [sbi] INFO: [cc0bf7d0-d193-41ee-91f5-35f581fdcaf8] NF registered [Heartbeat:10s] (../lib/sbi/nf-sm.c:221)
02/22 15:05:31.896: [sbi] INFO: [d29cacc0-d193-41ee-a0bb-6d9a34371c3e] Subscription created until 2024-02-23T15:05:31.894503+00:00 [duration:86400,validity:86399.998282,patch:43199.999141] (../lib/sbi/nnrf-handler.c:710)
Open5GS daemon v2.7.0-84-g94bd68a

02/23 10:58:07.320: [app] INFO: Configuration: '/root/open5gs/install/etc/open5gs/bsf.yaml' (../lib/app/ogs-init.c:130)
02/23 10:58:07.320: [app] INFO: File Logging: '/root/open5gs/install/var/log/open5gs/bsf.log' (../lib/app/ogs-init.c:133)
02/23 10:58:07.359: [sbi] INFO: NF Service [nbsf-management] (../lib/sbi/context.c:1812)
02/23 10:58:07.365: [sbi] INFO: nghttp2_server() [http://127.0.0.15]:7777 (../lib/sbi/nghttp2-server.c:414)
02/23 10:58:07.383: [app] INFO: BSF initialize...done (../src/bsf/app.c:31)
02/23 10:58:07.410: [sbi] INFO: [6cfd4198-d23a-41ee-a311-d185293b25ca] NF registered [Heartbeat:10s] (../lib/sbi/nf-sm.c:221)
02/23 10:58:07.412: [sbi] INFO: [6d061aca-d23a-41ee-8a1e-29090ddbf8b3] Subscription created until 2024-02-24T10:58:07.411685+00:00 [duration:86400,validity:86399.999134,patch:43199.999567] (../lib/sbi/nnrf-handler.c:710)
Open5GS daemon v2.7.0-84-g94bd68a

02/23 14:33:59.135: [app] INFO: Configuration: '/root/open5gs/install/etc/open5gs/bsf.yaml' (../lib/app/ogs-init.c:130)
02/23 14:33:59.135: [app] INFO: File Logging: '/root/open5gs/install/var/log/open5gs/bsf.log' (../lib/app/ogs-init.c:133)
02/23 14:33:59.152: [sbi] INFO: NF Service [nbsf-management] (../lib/sbi/context.c:1812)
02/23 14:33:59.166: [sbi] INFO: nghttp2_server() [http://127.0.0.15]:7777 (../lib/sbi/nghttp2-server.c:414)
02/23 14:33:59.170: [app] INFO: BSF initialize...done (../src/bsf/app.c:31)
02/23 14:33:59.170: [sbi] WARNING: [7] Failed to connect to 127.0.0.200 port 7777 after 0 ms: Connection refused (../lib/sbi/client.c:698)
02/23 14:33:59.170: [sbi] WARNING: ogs_sbi_client_handler() failed [-1] (../lib/sbi/path.c:62)
02/23 14:34:10.164: [sbi] WARNING: [94dceaec-d258-41ee-b028-b17513c60e70] Retry registration with NRF (../lib/sbi/nf-sm.c:182)
02/23 14:34:10.167: [sbi] INFO: [94dceaec-d258-41ee-b028-b17513c60e70] NF registered [Heartbeat:10s] (../lib/sbi/nf-sm.c:221)
02/23 14:34:10.168: [sbi] INFO: [9b6dc098-d258-41ee-949e-b3df14fa13d0] Subscription created until 2024-02-24T14:34:10.168038+00:00 [duration:86400,validity:86399.999736,patch:43199.999868] (../lib/sbi/nnrf-handler.c:710)
02/23 14:48:29.760: [app] INFO: SIGINT received (../src/main.c:53)
02/23 14:48:29.760: [app] INFO: Open5GS daemon terminating... (../src/main.c:226)
02/23 14:48:29.761: [sbi] INFO: [94dceaec-d258-41ee-b028-b17513c60e70] NF de-registered (../lib/sbi/nf-sm.c:248)
02/23 14:48:29.767: [app] INFO: BSF terminate...done (../src/bsf/app.c:39)
Open5GS daemon v2.7.0-84-g94bd68a

02/23 14:48:36.177: [app] INFO: Configuration: '/root/open5gs/install/etc/open5gs/bsf.yaml' (../lib/app/ogs-init.c:130)
02/23 14:48:36.177: [app] INFO: File Logging: '/root/open5gs/install/var/log/open5gs/bsf.log' (../lib/app/ogs-init.c:133)
02/23 14:48:36.182: [sbi] INFO: NF Service [nbsf-management] (../lib/sbi/context.c:1812)
02/23 14:48:36.191: [sbi] INFO: nghttp2_server() [http://127.0.0.15]:7777 (../lib/sbi/nghttp2-server.c:414)
02/23 14:48:36.199: [app] INFO: BSF initialize...done (../src/bsf/app.c:31)
02/23 14:48:36.201: [sbi] INFO: [9f9c8a4e-d25a-41ee-839b-d7675c6092dd] NF registered [Heartbeat:10s] (../lib/sbi/nf-sm.c:221)
02/23 14:48:36.203: [sbi] INFO: [9fa012fe-d25a-41ee-befb-89cbe4bab6e2] Subscription created until 2024-02-24T14:48:36.202169+00:00 [duration:86400,validity:86399.998470,patch:43199.999235] (../lib/sbi/nnrf-handler.c:710)
Open5GS daemon v2.7.0-84-g94bd68a

02/23 18:19:15.607: [app] INFO: Configuration: '/root/open5gs/install/etc/open5gs/bsf.yaml' (../lib/app/ogs-init.c:130)
02/23 18:19:15.607: [app] INFO: File Logging: '/root/open5gs/install/var/log/open5gs/bsf.log' (../lib/app/ogs-init.c:133)
02/23 18:19:15.617: [sbi] INFO: NF Service [nbsf-management] (../lib/sbi/context.c:1812)
02/23 18:19:15.641: [sbi] INFO: nghttp2_server() [http://127.0.0.15]:7777 (../lib/sbi/nghttp2-server.c:414)
02/23 18:19:15.657: [app] INFO: BSF initialize...done (../src/bsf/app.c:31)
02/23 18:19:15.700: [sbi] INFO: [0d4c953a-d278-41ee-96a8-cf9a6c5d5a15] NF registered [Heartbeat:10s] (../lib/sbi/nf-sm.c:221)
02/23 18:19:15.710: [sbi] INFO: [0d5acf7e-d278-41ee-af80-b38305a178bf] Subscription created until 2024-02-24T18:19:15.702774+00:00 [duration:86400,validity:86399.992282,patch:43199.996141] (../lib/sbi/nnrf-handler.c:710)
02/23 19:38:40.793: [app] INFO: SIGINT received (../src/main.c:53)
02/23 19:38:40.793: [app] INFO: Open5GS daemon terminating... (../src/main.c:226)
02/23 19:38:40.795: [sbi] INFO: [0d4c953a-d278-41ee-96a8-cf9a6c5d5a15] NF de-registered (../lib/sbi/nf-sm.c:248)
02/23 19:38:40.812: [app] INFO: BSF terminate...done (../src/bsf/app.c:39)
