Open5GS daemon v2.7.0-84-g94bd68a

02/22 11:49:15.002: [app] INFO: Configuration: '/root/open5gs/install/etc/open5gs/nrf.yaml' (../lib/app/ogs-init.c:130)
02/22 11:49:15.002: [app] INFO: File Logging: '/root/open5gs/install/var/log/open5gs/nrf.log' (../lib/app/ogs-init.c:133)
02/22 11:49:15.016: [sbi] INFO: nghttp2_server() [http://127.0.0.10]:7777 (../lib/sbi/nghttp2-server.c:414)
02/22 11:49:15.068: [app] INFO: NRF initialize...done (../src/nrf/app.c:31)
02/22 11:49:15.076: [nrf] INFO: [6708c284-d178-41ee-9224-919d7692fb01] NF registered [Heartbeat:10s] (../src/nrf/nf-sm.c:190)
02/22 11:49:15.076: [nrf] INFO: [6709774c-d178-41ee-8731-c1171ea03a96] NF registered [Heartbeat:10s] (../src/nrf/nf-sm.c:190)
02/22 11:49:15.077: [nrf] INFO: [670b9108-d178-41ee-bc1a-e559a6aa9949] NF registered [Heartbeat:10s] (../src/nrf/nf-sm.c:190)
02/22 11:49:15.077: [nrf] INFO: [670b88c0-d178-41ee-b9bf-3125c9ea2ed6] NF registered [Heartbeat:10s] (../src/nrf/nf-sm.c:190)
02/22 11:49:15.107: [nrf] INFO: [67198d94-d178-41ee-9082-7191f3c54296] Subscription created until 2024-02-23T11:49:15.107280+00:00 [validity_duration:86400] (../src/nrf/nnrf-handler.c:445)
02/22 11:49:15.107: [nrf] INFO: [671991c2-d178-41ee-9082-7191f3c54296] Subscription created until 2024-02-23T11:49:15.107376+00:00 [validity_duration:86400] (../src/nrf/nnrf-handler.c:445)
02/22 11:49:15.107: [nrf] INFO: [671993c0-d178-41ee-9082-7191f3c54296] Subscription created until 2024-02-23T11:49:15.107426+00:00 [validity_duration:86400] (../src/nrf/nnrf-handler.c:445)
02/22 11:49:15.107: [nrf] INFO: [67199816-d178-41ee-9082-7191f3c54296] Subscription created until 2024-02-23T11:49:15.107537+00:00 [validity_duration:86400] (../src/nrf/nnrf-handler.c:445)
02/22 11:49:15.107: [nrf] INFO: [67199a6e-d178-41ee-9082-7191f3c54296] Subscription created until 2024-02-23T11:49:15.107597+00:00 [validity_duration:86400] (../src/nrf/nnrf-handler.c:445)
02/22 11:49:15.107: [nrf] INFO: [67199d7a-d178-41ee-9082-7191f3c54296] Subscription created until 2024-02-23T11:49:15.107675+00:00 [validity_duration:86400] (../src/nrf/nnrf-handler.c:445)
02/22 11:49:15.107: [nrf] INFO: [6719a05e-d178-41ee-9082-7191f3c54296] Subscription created until 2024-02-23T11:49:15.107748+00:00 [validity_duration:86400] (../src/nrf/nnrf-handler.c:445)
02/22 11:49:15.107: [nrf] INFO: [6719a432-d178-41ee-9082-7191f3c54296] Subscription created until 2024-02-23T11:49:15.107847+00:00 [validity_duration:86400] (../src/nrf/nnrf-handler.c:445)
02/22 11:49:15.107: [nrf] INFO: [6719a8ba-d178-41ee-9082-7191f3c54296] Subscription created until 2024-02-23T11:49:15.107963+00:00 [validity_duration:86400] (../src/nrf/nnrf-handler.c:445)
02/22 11:49:15.108: [nrf] INFO: [6719abda-d178-41ee-9082-7191f3c54296] Subscription created until 2024-02-23T11:49:15.108043+00:00 [validity_duration:86400] (../src/nrf/nnrf-handler.c:445)
02/22 11:49:15.108: [nrf] INFO: [6719af36-d178-41ee-9082-7191f3c54296] Subscription created until 2024-02-23T11:49:15.108129+00:00 [validity_duration:86400] (../src/nrf/nnrf-handler.c:445)
02/22 11:49:15.108: [nrf] INFO: [6719c8ea-d178-41ee-9082-7191f3c54296] Subscription created until 2024-02-23T11:49:15.108788+00:00 [validity_duration:86400] (../src/nrf/nnrf-handler.c:445)
02/22 11:49:15.108: [nrf] INFO: [6719cc00-d178-41ee-9082-7191f3c54296] Subscription created until 2024-02-23T11:49:15.108867+00:00 [validity_duration:86400] (../src/nrf/nnrf-handler.c:445)
02/22 11:49:15.109: [nrf] INFO: [671374d6-d178-41ee-9bfa-7de43a67e8c5] NF registered [Heartbeat:10s] (../src/nrf/nf-sm.c:190)
02/22 11:49:15.120: [nrf] INFO: [671b8e46-d178-41ee-9082-7191f3c54296] Subscription created until 2024-02-23T11:49:15.120402+00:00 [validity_duration:86400] (../src/nrf/nnrf-handler.c:445)
02/22 11:49:15.120: [nrf] INFO: [671b910c-d178-41ee-9082-7191f3c54296] Subscription created until 2024-02-23T11:49:15.120464+00:00 [validity_duration:86400] (../src/nrf/nnrf-handler.c:445)
02/22 11:49:15.120: [nrf] INFO: [671b92ce-d178-41ee-9082-7191f3c54296] Subscription created until 2024-02-23T11:49:15.120509+00:00 [validity_duration:86400] (../src/nrf/nnrf-handler.c:445)
02/22 11:49:15.120: [nrf] INFO: [671b94d6-d178-41ee-9082-7191f3c54296] Subscription created until 2024-02-23T11:49:15.120560+00:00 [validity_duration:86400] (../src/nrf/nnrf-handler.c:445)
02/22 11:49:15.120: [nrf] INFO: [671b967a-d178-41ee-9082-7191f3c54296] Subscription created until 2024-02-23T11:49:15.120603+00:00 [validity_duration:86400] (../src/nrf/nnrf-handler.c:445)
02/22 11:49:15.120: [nrf] INFO: [671b9814-d178-41ee-9082-7191f3c54296] Subscription created until 2024-02-23T11:49:15.120644+00:00 [validity_duration:86400] (../src/nrf/nnrf-handler.c:445)
02/22 11:49:15.120: [nrf] INFO: [671b99fe-d178-41ee-9082-7191f3c54296] Subscription created until 2024-02-23T11:49:15.120693+00:00 [validity_duration:86400] (../src/nrf/nnrf-handler.c:445)
02/22 11:49:15.123: [nrf] INFO: [67173b16-d178-41ee-a9f7-d78433c68c00] NF registered [Heartbeat:10s] (../src/nrf/nf-sm.c:190)
02/22 11:49:15.124: [nrf] INFO: [671c31a2-d178-41ee-9082-7191f3c54296] Subscription created until 2024-02-23T11:49:15.124578+00:00 [validity_duration:86400] (../src/nrf/nnrf-handler.c:445)
02/22 11:49:15.132: [nrf] INFO: [6717b2f8-d178-41ee-a20b-1f8b255898e0] NF registered [Heartbeat:10s] (../src/nrf/nf-sm.c:190)
02/22 11:49:15.134: [nrf] INFO: [671da9b0-d178-41ee-9082-7191f3c54296] Subscription created until 2024-02-23T11:49:15.134205+00:00 [validity_duration:86400] (../src/nrf/nnrf-handler.c:445)
02/22 11:49:15.134: [nrf] INFO: [671dba5e-d178-41ee-9082-7191f3c54296] Subscription created until 2024-02-23T11:49:15.134632+00:00 [validity_duration:86400] (../src/nrf/nnrf-handler.c:445)
02/22 11:49:15.135: [nrf] INFO: [671dc896-d178-41ee-9082-7191f3c54296] Subscription created until 2024-02-23T11:49:15.134995+00:00 [validity_duration:86400] (../src/nrf/nnrf-handler.c:445)
02/22 11:49:15.252: [nrf] INFO: [67234208-d178-41ee-9900-dd11069abb09] NF registered [Heartbeat:10s] (../src/nrf/nf-sm.c:190)
02/22 11:49:15.253: [nrf] INFO: [6723da92-d178-41ee-8c94-5baaacc93082] NF registered [Heartbeat:10s] (../src/nrf/nf-sm.c:190)
02/22 11:49:15.254: [nrf] INFO: [67300736-d178-41ee-9082-7191f3c54296] Subscription created until 2024-02-23T11:49:15.254564+00:00 [validity_duration:86400] (../src/nrf/nnrf-handler.c:445)
02/22 11:49:15.254: [nrf] INFO: [6730098e-d178-41ee-9082-7191f3c54296] Subscription created until 2024-02-23T11:49:15.254622+00:00 [validity_duration:86400] (../src/nrf/nnrf-handler.c:445)
02/22 11:49:15.254: [nrf] INFO: [67300bb4-d178-41ee-9082-7191f3c54296] Subscription created until 2024-02-23T11:49:15.254677+00:00 [validity_duration:86400] (../src/nrf/nnrf-handler.c:445)
02/22 11:49:15.254: [nrf] INFO: [67300d62-d178-41ee-9082-7191f3c54296] Subscription created until 2024-02-23T11:49:15.254719+00:00 [validity_duration:86400] (../src/nrf/nnrf-handler.c:445)
02/22 11:49:15.254: [nrf] INFO: [67300f06-d178-41ee-9082-7191f3c54296] Subscription created until 2024-02-23T11:49:15.254761+00:00 [validity_duration:86400] (../src/nrf/nnrf-handler.c:445)
02/22 11:49:15.263: [nrf] INFO: [67316810-d178-41ee-9082-7191f3c54296] Subscription created until 2024-02-23T11:49:15.263598+00:00 [validity_duration:86400] (../src/nrf/nnrf-handler.c:445)
02/22 11:49:15.263: [nrf] INFO: [67316a7c-d178-41ee-9082-7191f3c54296] Subscription created until 2024-02-23T11:49:15.263657+00:00 [validity_duration:86400] (../src/nrf/nnrf-handler.c:445)
02/22 11:49:15.263: [nrf] INFO: [67316c70-d178-41ee-9082-7191f3c54296] Subscription created until 2024-02-23T11:49:15.263708+00:00 [validity_duration:86400] (../src/nrf/nnrf-handler.c:445)
02/22 11:49:15.263: [nrf] INFO: [67316df6-d178-41ee-9082-7191f3c54296] Subscription created until 2024-02-23T11:49:15.263745+00:00 [validity_duration:86400] (../src/nrf/nnrf-handler.c:445)
02/22 11:49:15.263: [nrf] INFO: [67316f54-d178-41ee-9082-7191f3c54296] Subscription created until 2024-02-23T11:49:15.263780+00:00 [validity_duration:86400] (../src/nrf/nnrf-handler.c:445)
02/22 11:49:15.266: [nrf] INFO: [672351d0-d178-41ee-be3d-fb5c5816c0b3] NF registered [Heartbeat:10s] (../src/nrf/nf-sm.c:190)
02/22 11:49:15.267: [nrf] INFO: [67320b44-d178-41ee-9082-7191f3c54296] Subscription created until 2024-02-23T11:49:15.267775+00:00 [validity_duration:86400] (../src/nrf/nnrf-handler.c:445)
02/22 11:49:15.267: [nrf] INFO: [67320ffe-d178-41ee-9082-7191f3c54296] Subscription created until 2024-02-23T11:49:15.267894+00:00 [validity_duration:86400] (../src/nrf/nnrf-handler.c:445)
02/22 11:49:15.268: [nrf] INFO: [67321d1e-d178-41ee-9082-7191f3c54296] Subscription created until 2024-02-23T11:49:15.268231+00:00 [validity_duration:86400] (../src/nrf/nnrf-handler.c:445)
02/22 11:49:15.268: [nrf] INFO: [67322390-d178-41ee-9082-7191f3c54296] Subscription created until 2024-02-23T11:49:15.268395+00:00 [validity_duration:86400] (../src/nrf/nnrf-handler.c:445)
02/22 11:49:15.268: [nrf] INFO: [67322700-d178-41ee-9082-7191f3c54296] Subscription created until 2024-02-23T11:49:15.268483+00:00 [validity_duration:86400] (../src/nrf/nnrf-handler.c:445)
02/22 11:49:26.038: [nrf] INFO: [670cf58e-d178-41ee-bd37-f72abd566eeb] NF registered [Heartbeat:10s] (../src/nrf/nf-sm.c:190)
02/22 11:49:26.041: [nrf] INFO: [6d9def5c-d178-41ee-9082-7191f3c54296] Subscription created until 2024-02-23T11:49:26.041194+00:00 [validity_duration:86400] (../src/nrf/nnrf-handler.c:445)
02/22 11:49:26.041: [nrf] INFO: [6d9df5b0-d178-41ee-9082-7191f3c54296] Subscription created until 2024-02-23T11:49:26.041340+00:00 [validity_duration:86400] (../src/nrf/nnrf-handler.c:445)
Open5GS daemon v2.7.0-84-g94bd68a

02/22 15:05:20.849: [app] INFO: Configuration: '/root/open5gs/install/etc/open5gs/nrf.yaml' (../lib/app/ogs-init.c:130)
02/22 15:05:20.849: [app] INFO: File Logging: '/root/open5gs/install/var/log/open5gs/nrf.log' (../lib/app/ogs-init.c:133)
02/22 15:05:20.880: [sbi] INFO: nghttp2_server() [http://127.0.0.10]:7777 (../lib/sbi/nghttp2-server.c:414)
02/22 15:05:20.889: [app] INFO: NRF initialize...done (../src/nrf/app.c:31)
02/22 15:05:20.935: [nrf] INFO: [cc1186fa-d193-41ee-9f84-ff4ab34eeb6e] NF registered [Heartbeat:10s] (../src/nrf/nf-sm.c:190)
02/22 15:05:20.961: [nrf] INFO: [cc186df8-d193-41ee-a0bb-6d9a34371c3e] Subscription created until 2024-02-23T15:05:20.961493+00:00 [validity_duration:86400] (../src/nrf/nnrf-handler.c:445)
02/22 15:05:20.961: [nrf] INFO: [cc187910-d193-41ee-a0bb-6d9a34371c3e] Subscription created until 2024-02-23T15:05:20.961771+00:00 [validity_duration:86400] (../src/nrf/nnrf-handler.c:445)
02/22 15:05:20.961: [nrf] INFO: [cc18809a-d193-41ee-a0bb-6d9a34371c3e] Subscription created until 2024-02-23T15:05:20.961964+00:00 [validity_duration:86400] (../src/nrf/nnrf-handler.c:445)
02/22 15:05:20.962: [nrf] INFO: [cc188630-d193-41ee-a0bb-6d9a34371c3e] Subscription created until 2024-02-23T15:05:20.962106+00:00 [validity_duration:86400] (../src/nrf/nnrf-handler.c:445)
02/22 15:05:20.962: [nrf] INFO: [cc188c98-d193-41ee-a0bb-6d9a34371c3e] Subscription created until 2024-02-23T15:05:20.962271+00:00 [validity_duration:86400] (../src/nrf/nnrf-handler.c:445)
02/22 15:05:20.962: [nrf] INFO: [cc189576-d193-41ee-a0bb-6d9a34371c3e] Subscription created until 2024-02-23T15:05:20.962497+00:00 [validity_duration:86400] (../src/nrf/nnrf-handler.c:445)
02/22 15:05:20.962: [nrf] INFO: [cc189bca-d193-41ee-a0bb-6d9a34371c3e] Subscription created until 2024-02-23T15:05:20.962660+00:00 [validity_duration:86400] (../src/nrf/nnrf-handler.c:445)
02/22 15:05:20.963: [nrf] INFO: [cc18b010-d193-41ee-a0bb-6d9a34371c3e] Subscription created until 2024-02-23T15:05:20.963178+00:00 [validity_duration:86400] (../src/nrf/nnrf-handler.c:445)
02/22 15:05:20.963: [nrf] INFO: [cc18b4f2-d193-41ee-a0bb-6d9a34371c3e] Subscription created until 2024-02-23T15:05:20.963303+00:00 [validity_duration:86400] (../src/nrf/nnrf-handler.c:445)
02/22 15:05:21.000: [nrf] INFO: [cc1810ba-d193-41ee-9466-5b180b615bf1] NF registered [Heartbeat:10s] (../src/nrf/nf-sm.c:190)
02/22 15:05:21.001: [nrf] INFO: [cc1e8b34-d193-41ee-a0bb-6d9a34371c3e] Subscription created until 2024-02-23T15:05:21.001560+00:00 [validity_duration:86400] (../src/nrf/nnrf-handler.c:445)
02/22 15:05:21.005: [nrf] INFO: [cc16930c-d193-41ee-bd82-493600f5837f] NF registered [Heartbeat:10s] (../src/nrf/nf-sm.c:190)
02/22 15:05:21.006: [nrf] INFO: [cc1f5a96-d193-41ee-a0bb-6d9a34371c3e] Subscription created until 2024-02-23T15:05:21.006868+00:00 [validity_duration:86400] (../src/nrf/nnrf-handler.c:445)
02/22 15:05:21.007: [nrf] INFO: [cc1f6e50-d193-41ee-a0bb-6d9a34371c3e] Subscription created until 2024-02-23T15:05:21.007373+00:00 [validity_duration:86400] (../src/nrf/nnrf-handler.c:445)
02/22 15:05:21.007: [nrf] INFO: [cc1f7c42-d193-41ee-a0bb-6d9a34371c3e] Subscription created until 2024-02-23T15:05:21.007729+00:00 [validity_duration:86400] (../src/nrf/nnrf-handler.c:445)
02/22 15:05:21.046: [nrf] INFO: [cc12bc6e-d193-41ee-87c0-a7d0f48ec46a] NF registered [Heartbeat:10s] (../src/nrf/nf-sm.c:190)
02/22 15:05:21.048: [nrf] INFO: [cc25a41e-d193-41ee-a0bb-6d9a34371c3e] Subscription created until 2024-02-23T15:05:21.048077+00:00 [validity_duration:86400] (../src/nrf/nnrf-handler.c:445)
02/22 15:05:21.048: [nrf] INFO: [cc25bad0-d193-41ee-a0bb-6d9a34371c3e] Subscription created until 2024-02-23T15:05:21.048654+00:00 [validity_duration:86400] (../src/nrf/nnrf-handler.c:445)
02/22 15:05:21.049: [nrf] INFO: [cc25ca70-d193-41ee-a0bb-6d9a34371c3e] Subscription created until 2024-02-23T15:05:21.049053+00:00 [validity_duration:86400] (../src/nrf/nnrf-handler.c:445)
02/22 15:05:21.049: [nrf] INFO: [cc25deac-d193-41ee-a0bb-6d9a34371c3e] Subscription created until 2024-02-23T15:05:21.049571+00:00 [validity_duration:86400] (../src/nrf/nnrf-handler.c:445)
02/22 15:05:21.054: [nrf] INFO: [cc26978e-d193-41ee-a0bb-6d9a34371c3e] Subscription created until 2024-02-23T15:05:21.054304+00:00 [validity_duration:86400] (../src/nrf/nnrf-handler.c:445)
02/22 15:05:21.054: [nrf] INFO: [cc26a36e-d193-41ee-a0bb-6d9a34371c3e] Subscription created until 2024-02-23T15:05:21.054608+00:00 [validity_duration:86400] (../src/nrf/nnrf-handler.c:445)
02/22 15:05:21.054: [nrf] INFO: [cc26ae54-d193-41ee-a0bb-6d9a34371c3e] Subscription created until 2024-02-23T15:05:21.054886+00:00 [validity_duration:86400] (../src/nrf/nnrf-handler.c:445)
02/22 15:05:21.159: [nrf] INFO: [cc259c76-d193-41ee-a5f7-7f11aa2f51d9] NF registered [Heartbeat:10s] (../src/nrf/nf-sm.c:190)
02/22 15:05:21.165: [nrf] INFO: [cc3760f0-d193-41ee-a0bb-6d9a34371c3e] Subscription created until 2024-02-23T15:05:21.164318+00:00 [validity_duration:86400] (../src/nrf/nnrf-handler.c:445)
02/22 15:05:21.172: [nrf] INFO: [cc21279a-d193-41ee-b185-116d37546d06] NF registered [Heartbeat:10s] (../src/nrf/nf-sm.c:190)
02/22 15:05:21.174: [nrf] INFO: [cc38f140-d193-41ee-a0bb-6d9a34371c3e] Subscription created until 2024-02-23T15:05:21.174564+00:00 [validity_duration:86400] (../src/nrf/nnrf-handler.c:445)
02/22 15:05:21.174: [nrf] INFO: [cc38ff00-d193-41ee-a0bb-6d9a34371c3e] Subscription created until 2024-02-23T15:05:21.174915+00:00 [validity_duration:86400] (../src/nrf/nnrf-handler.c:445)
02/22 15:05:21.175: [nrf] INFO: [cc390a36-d193-41ee-a0bb-6d9a34371c3e] Subscription created until 2024-02-23T15:05:21.175203+00:00 [validity_duration:86400] (../src/nrf/nnrf-handler.c:445)
02/22 15:05:21.175: [nrf] INFO: [cc39158a-d193-41ee-a0bb-6d9a34371c3e] Subscription created until 2024-02-23T15:05:21.175492+00:00 [validity_duration:86400] (../src/nrf/nnrf-handler.c:445)
02/22 15:05:21.175: [nrf] INFO: [cc391ff8-d193-41ee-a0bb-6d9a34371c3e] Subscription created until 2024-02-23T15:05:21.175764+00:00 [validity_duration:86400] (../src/nrf/nnrf-handler.c:445)
02/22 15:05:21.176: [nrf] INFO: [cc3939e8-d193-41ee-a0bb-6d9a34371c3e] Subscription created until 2024-02-23T15:05:21.176423+00:00 [validity_duration:86400] (../src/nrf/nnrf-handler.c:445)
02/22 15:05:21.188: [nrf] INFO: [cc3b16be-d193-41ee-a0bb-6d9a34371c3e] Subscription created until 2024-02-23T15:05:21.188632+00:00 [validity_duration:86400] (../src/nrf/nnrf-handler.c:445)
02/22 15:05:21.188: [nrf] INFO: [cc3b241a-d193-41ee-a0bb-6d9a34371c3e] Subscription created until 2024-02-23T15:05:21.188973+00:00 [validity_duration:86400] (../src/nrf/nnrf-handler.c:445)
02/22 15:05:21.189: [nrf] INFO: [cc3b30d6-d193-41ee-a0bb-6d9a34371c3e] Subscription created until 2024-02-23T15:05:21.189299+00:00 [validity_duration:86400] (../src/nrf/nnrf-handler.c:445)
02/22 15:05:21.191: [nrf] INFO: [cc26454a-d193-41ee-bf1d-d7b122943a71] NF registered [Heartbeat:10s] (../src/nrf/nf-sm.c:190)
02/22 15:05:21.192: [nrf] INFO: [cc3bb8da-d193-41ee-a0bb-6d9a34371c3e] Subscription created until 2024-02-23T15:05:21.192782+00:00 [validity_duration:86400] (../src/nrf/nnrf-handler.c:445)
02/22 15:05:21.192: [nrf] INFO: [cc3bbb5a-d193-41ee-a0bb-6d9a34371c3e] Subscription created until 2024-02-23T15:05:21.192844+00:00 [validity_duration:86400] (../src/nrf/nnrf-handler.c:445)
02/22 15:05:21.192: [nrf] INFO: [cc3bbec0-d193-41ee-a0bb-6d9a34371c3e] Subscription created until 2024-02-23T15:05:21.192930+00:00 [validity_duration:86400] (../src/nrf/nnrf-handler.c:445)
02/22 15:05:21.193: [nrf] INFO: [cc3bc17c-d193-41ee-a0bb-6d9a34371c3e] Subscription created until 2024-02-23T15:05:21.193001+00:00 [validity_duration:86400] (../src/nrf/nnrf-handler.c:445)
02/22 15:05:21.193: [nrf] INFO: [cc3bc3de-d193-41ee-a0bb-6d9a34371c3e] Subscription created until 2024-02-23T15:05:21.193062+00:00 [validity_duration:86400] (../src/nrf/nnrf-handler.c:445)
02/22 15:05:31.874: [nrf] INFO: [cc084694-d193-41ee-8d8e-a11a3748e94b] NF registered [Heartbeat:10s] (../src/nrf/nf-sm.c:190)
02/22 15:05:31.875: [nrf] INFO: [cc0669f0-d193-41ee-b82d-cf6fd8b6b9ec] NF registered [Heartbeat:10s] (../src/nrf/nf-sm.c:190)
02/22 15:05:31.877: [nrf] INFO: [d29a126c-d193-41ee-a0bb-6d9a34371c3e] Subscription created until 2024-02-23T15:05:31.877457+00:00 [validity_duration:86400] (../src/nrf/nnrf-handler.c:445)
02/22 15:05:31.878: [nrf] INFO: [d29a2ec8-d193-41ee-a0bb-6d9a34371c3e] Subscription created until 2024-02-23T15:05:31.878171+00:00 [validity_duration:86400] (../src/nrf/nnrf-handler.c:445)
02/22 15:05:31.879: [nrf] INFO: [d29a5c9a-d193-41ee-a0bb-6d9a34371c3e] Subscription created until 2024-02-23T15:05:31.879346+00:00 [validity_duration:86400] (../src/nrf/nnrf-handler.c:445)
02/22 15:05:31.892: [nrf] INFO: [cc0bf7d0-d193-41ee-91f5-35f581fdcaf8] NF registered [Heartbeat:10s] (../src/nrf/nf-sm.c:190)
02/22 15:05:31.894: [nrf] INFO: [d29cacc0-d193-41ee-a0bb-6d9a34371c3e] Subscription created until 2024-02-23T15:05:31.894503+00:00 [validity_duration:86400] (../src/nrf/nnrf-handler.c:445)
02/22 15:05:31.903: [nrf] INFO: [cc0d1f16-d193-41ee-aca9-5d17c173ca28] NF registered [Heartbeat:10s] (../src/nrf/nf-sm.c:190)
02/22 15:05:31.907: [nrf] INFO: [d29e9b8e-d193-41ee-a0bb-6d9a34371c3e] Subscription created until 2024-02-23T15:05:31.907170+00:00 [validity_duration:86400] (../src/nrf/nnrf-handler.c:445)
02/22 15:05:31.907: [nrf] INFO: [d29ea41c-d193-41ee-a0bb-6d9a34371c3e] Subscription created until 2024-02-23T15:05:31.907387+00:00 [validity_duration:86400] (../src/nrf/nnrf-handler.c:445)
Open5GS daemon v2.7.0-84-g94bd68a

02/22 17:04:01.736: [app] INFO: Configuration: '/root/open5gs/install/etc/open5gs/nrf.yaml' (../lib/app/ogs-init.c:130)
02/22 17:04:01.736: [app] INFO: File Logging: '/root/open5gs/install/var/log/open5gs/nrf.log' (../lib/app/ogs-init.c:133)
02/22 17:04:01.738: [sock] ERROR: socket bind(2) [127.0.0.10]:7777 failed (98:Address already in use) (../lib/core/ogs-socket.c:114)
02/22 17:04:01.739: [sock] ERROR: tcp_server() [127.0.0.10]:7777 failed (98:Address already in use) (../lib/core/ogs-tcp.c:72)
02/22 17:04:01.739: [sbi] ERROR: Cannot start SBI server (../lib/sbi/nghttp2-server.c:389)
02/22 17:04:01.739: [app] ERROR: Failed to initialize NRF (../src/nrf/app.c:28)
02/22 17:04:01.739: [app] FATAL: Open5GS initialization failed. Aborted (../src/main.c:219)
