Open5GS daemon v2.7.0-84-g94bd68a

02/22 11:49:14.992: [app] INFO: Configuration: '/root/open5gs/install/etc/open5gs/nssf.yaml' (../lib/app/ogs-init.c:130)
02/22 11:49:14.992: [app] INFO: File Logging: '/root/open5gs/install/var/log/open5gs/nssf.log' (../lib/app/ogs-init.c:133)
02/22 11:49:15.015: [nssf] WARNING: unknown key `addr` (../src/nssf/context.c:177)
02/22 11:49:15.015: [nssf] WARNING: unknown key `port` (../src/nssf/context.c:177)
02/22 11:49:15.015: [nssf] WARNING: unknown key `addr` (../src/nssf/context.c:177)
02/22 11:49:15.015: [nssf] WARNING: unknown key `port` (../src/nssf/context.c:177)
02/22 11:49:15.016: [sbi] INFO: NF Service [nnssf-nsselection] (../lib/sbi/context.c:1812)
02/22 11:49:15.054: [sbi] INFO: nghttp2_server() [http://127.0.0.14]:7777 (../lib/sbi/nghttp2-server.c:414)
02/22 11:49:15.068: [app] INFO: NSSF initialize...done (../src/nssf/app.c:31)
02/22 11:49:15.083: [sbi] INFO: [6709774c-d178-41ee-8731-c1171ea03a96] NF registered [Heartbeat:10s] (../lib/sbi/nf-sm.c:221)
02/22 11:49:15.117: [sbi] INFO: [6719abda-d178-41ee-9082-7191f3c54296] Subscription created until 2024-02-23T11:49:15.108043+00:00 [duration:86400,validity:86399.990395,patch:43199.995197] (../lib/sbi/nnrf-handler.c:710)
Open5GS daemon v2.7.0-84-g94bd68a

02/22 15:05:20.840: [app] INFO: Configuration: '/root/open5gs/install/etc/open5gs/nssf.yaml' (../lib/app/ogs-init.c:130)
02/22 15:05:20.840: [app] INFO: File Logging: '/root/open5gs/install/var/log/open5gs/nssf.log' (../lib/app/ogs-init.c:133)
02/22 15:05:20.861: [nssf] WARNING: unknown key `addr` (../src/nssf/context.c:177)
02/22 15:05:20.861: [nssf] WARNING: unknown key `port` (../src/nssf/context.c:177)
02/22 15:05:20.861: [nssf] WARNING: unknown key `addr` (../src/nssf/context.c:177)
02/22 15:05:20.861: [nssf] WARNING: unknown key `port` (../src/nssf/context.c:177)
02/22 15:05:20.861: [sbi] INFO: NF Service [nnssf-nsselection] (../lib/sbi/context.c:1812)
02/22 15:05:20.895: [sbi] INFO: nghttp2_server() [http://127.0.0.14]:7777 (../lib/sbi/nghttp2-server.c:414)
02/22 15:05:20.897: [app] INFO: NSSF initialize...done (../src/nssf/app.c:31)
02/22 15:05:20.898: [sbi] WARNING: [7] Failed to connect to 127.0.0.200 port 7777 after 0 ms: Connection refused (../lib/sbi/client.c:698)
02/22 15:05:20.898: [sbi] WARNING: ogs_sbi_client_handler() failed [-1] (../lib/sbi/path.c:62)
02/22 15:05:31.872: [sbi] WARNING: [cc0669f0-d193-41ee-b82d-cf6fd8b6b9ec] Retry registration with NRF (../lib/sbi/nf-sm.c:182)
02/22 15:05:31.878: [sbi] INFO: [cc0669f0-d193-41ee-b82d-cf6fd8b6b9ec] NF registered [Heartbeat:10s] (../lib/sbi/nf-sm.c:221)
02/22 15:05:31.879: [sbi] INFO: [d29a5c9a-d193-41ee-a0bb-6d9a34371c3e] Subscription created until 2024-02-23T15:05:31.879346+00:00 [duration:86400,validity:86399.999481,patch:43199.999740] (../lib/sbi/nnrf-handler.c:710)
Open5GS daemon v2.7.0-84-g94bd68a

02/23 10:58:07.364: [app] INFO: Configuration: '/root/open5gs/install/etc/open5gs/nssf.yaml' (../lib/app/ogs-init.c:130)
02/23 10:58:07.364: [app] INFO: File Logging: '/root/open5gs/install/var/log/open5gs/nssf.log' (../lib/app/ogs-init.c:133)
02/23 10:58:07.400: [nssf] WARNING: unknown key `addr` (../src/nssf/context.c:177)
02/23 10:58:07.400: [nssf] WARNING: unknown key `port` (../src/nssf/context.c:177)
02/23 10:58:07.400: [nssf] WARNING: unknown key `addr` (../src/nssf/context.c:177)
02/23 10:58:07.400: [nssf] WARNING: unknown key `port` (../src/nssf/context.c:177)
02/23 10:58:07.400: [sbi] INFO: NF Service [nnssf-nsselection] (../lib/sbi/context.c:1812)
02/23 10:58:07.400: [sbi] INFO: nghttp2_server() [http://127.0.0.14]:7777 (../lib/sbi/nghttp2-server.c:414)
02/23 10:58:07.421: [app] INFO: NSSF initialize...done (../src/nssf/app.c:31)
02/23 10:58:07.425: [sbi] INFO: [6d041004-d23a-41ee-b523-975721c1ced1] NF registered [Heartbeat:10s] (../lib/sbi/nf-sm.c:221)
02/23 10:58:07.425: [sbi] INFO: [6d0831d4-d23a-41ee-8a1e-29090ddbf8b3] Subscription created until 2024-02-24T10:58:07.425386+00:00 [duration:86400,validity:86399.999618,patch:43199.999809] (../lib/sbi/nnrf-handler.c:710)
Open5GS daemon v2.7.0-84-g94bd68a

02/23 14:33:59.134: [app] INFO: Configuration: '/root/open5gs/install/etc/open5gs/nssf.yaml' (../lib/app/ogs-init.c:130)
02/23 14:33:59.135: [app] INFO: File Logging: '/root/open5gs/install/var/log/open5gs/nssf.log' (../lib/app/ogs-init.c:133)
02/23 14:33:59.142: [nssf] WARNING: unknown key `addr` (../src/nssf/context.c:177)
02/23 14:33:59.142: [nssf] WARNING: unknown key `port` (../src/nssf/context.c:177)
02/23 14:33:59.142: [nssf] WARNING: unknown key `addr` (../src/nssf/context.c:177)
02/23 14:33:59.142: [nssf] WARNING: unknown key `port` (../src/nssf/context.c:177)
02/23 14:33:59.142: [sbi] INFO: NF Service [nnssf-nsselection] (../lib/sbi/context.c:1812)
02/23 14:33:59.166: [sbi] INFO: nghttp2_server() [http://127.0.0.14]:7777 (../lib/sbi/nghttp2-server.c:414)
02/23 14:33:59.170: [app] INFO: NSSF initialize...done (../src/nssf/app.c:31)
02/23 14:33:59.170: [sbi] WARNING: [7] Failed to connect to 127.0.0.200 port 7777 after 0 ms: Connection refused (../lib/sbi/client.c:698)
02/23 14:33:59.170: [sbi] WARNING: ogs_sbi_client_handler() failed [-1] (../lib/sbi/path.c:62)
02/23 14:34:10.146: [sbi] WARNING: [94daf3a4-d258-41ee-942b-91f461fe202d] Retry registration with NRF (../lib/sbi/nf-sm.c:182)
02/23 14:34:10.150: [sbi] INFO: [94daf3a4-d258-41ee-942b-91f461fe202d] NF registered [Heartbeat:10s] (../lib/sbi/nf-sm.c:221)
02/23 14:34:10.151: [sbi] INFO: [9b6b2c84-d258-41ee-949e-b3df14fa13d0] Subscription created until 2024-02-24T14:34:10.151148+00:00 [duration:86400,validity:86399.999620,patch:43199.999810] (../lib/sbi/nnrf-handler.c:710)
02/23 14:48:31.637: [app] INFO: SIGTERM received (../src/main.c:53)
02/23 14:48:31.638: [app] INFO: Open5GS daemon terminating... (../src/main.c:226)
02/23 14:48:31.642: [sbi] INFO: [94daf3a4-d258-41ee-942b-91f461fe202d] NF de-registered (../lib/sbi/nf-sm.c:248)
02/23 14:48:31.642: [sbi] WARNING: [7] Failed to connect to 127.0.0.200 port 7777 after 0 ms: Connection refused (../lib/sbi/client.c:698)
02/23 14:48:31.642: [sbi] WARNING: ogs_sbi_client_handler() failed [-1] (../lib/sbi/path.c:62)
02/23 14:48:31.650: [app] INFO: NSSF terminate...done (../src/nssf/app.c:39)
Open5GS daemon v2.7.0-84-g94bd68a

02/23 14:48:36.180: [app] INFO: Configuration: '/root/open5gs/install/etc/open5gs/nssf.yaml' (../lib/app/ogs-init.c:130)
02/23 14:48:36.180: [app] INFO: File Logging: '/root/open5gs/install/var/log/open5gs/nssf.log' (../lib/app/ogs-init.c:133)
02/23 14:48:36.182: [nssf] WARNING: unknown key `addr` (../src/nssf/context.c:177)
02/23 14:48:36.182: [nssf] WARNING: unknown key `port` (../src/nssf/context.c:177)
02/23 14:48:36.191: [nssf] WARNING: unknown key `addr` (../src/nssf/context.c:177)
02/23 14:48:36.200: [nssf] WARNING: unknown key `port` (../src/nssf/context.c:177)
02/23 14:48:36.200: [sbi] INFO: NF Service [nnssf-nsselection] (../lib/sbi/context.c:1812)
02/23 14:48:36.201: [sbi] INFO: nghttp2_server() [http://127.0.0.14]:7777 (../lib/sbi/nghttp2-server.c:414)
02/23 14:48:36.214: [app] INFO: NSSF initialize...done (../src/nssf/app.c:31)
02/23 14:48:36.217: [sbi] INFO: [9f9d1608-d25a-41ee-bf54-792a2eeb34e9] NF registered [Heartbeat:10s] (../lib/sbi/nf-sm.c:221)
02/23 14:48:36.218: [sbi] INFO: [9fa27f4e-d25a-41ee-befb-89cbe4bab6e2] Subscription created until 2024-02-24T14:48:36.218047+00:00 [duration:86400,validity:86399.999789,patch:43199.999894] (../lib/sbi/nnrf-handler.c:710)
Open5GS daemon v2.7.0-84-g94bd68a

02/23 18:19:15.615: [app] INFO: Configuration: '/root/open5gs/install/etc/open5gs/nssf.yaml' (../lib/app/ogs-init.c:130)
02/23 18:19:15.615: [app] INFO: File Logging: '/root/open5gs/install/var/log/open5gs/nssf.log' (../lib/app/ogs-init.c:133)
02/23 18:19:15.640: [nssf] WARNING: unknown key `addr` (../src/nssf/context.c:177)
02/23 18:19:15.640: [nssf] WARNING: unknown key `port` (../src/nssf/context.c:177)
02/23 18:19:15.640: [nssf] WARNING: unknown key `addr` (../src/nssf/context.c:177)
02/23 18:19:15.640: [nssf] WARNING: unknown key `port` (../src/nssf/context.c:177)
02/23 18:19:15.640: [sbi] INFO: NF Service [nnssf-nsselection] (../lib/sbi/context.c:1812)
02/23 18:19:15.640: [sbi] INFO: nghttp2_server() [http://127.0.0.14]:7777 (../lib/sbi/nghttp2-server.c:414)
02/23 18:19:15.661: [app] INFO: NSSF initialize...done (../src/nssf/app.c:31)
02/23 18:19:15.701: [sbi] INFO: [0d5150d4-d278-41ee-b671-75e80e9dfa93] NF registered [Heartbeat:10s] (../lib/sbi/nf-sm.c:221)
02/23 18:19:15.711: [sbi] INFO: [0d5bca78-d278-41ee-af80-b38305a178bf] Subscription created until 2024-02-24T18:19:15.709199+00:00 [duration:86400,validity:86399.997856,patch:43199.998928] (../lib/sbi/nnrf-handler.c:710)
02/23 19:40:55.782: [app] INFO: SIGTERM received (../src/main.c:53)
02/23 19:40:55.784: [app] INFO: Open5GS daemon terminating... (../src/main.c:226)
02/23 19:40:55.787: [sbi] INFO: [0d5150d4-d278-41ee-b671-75e80e9dfa93] NF de-registered (../lib/sbi/nf-sm.c:248)
02/23 19:40:55.788: [sbi] WARNING: [7] Failed to connect to 127.0.0.200 port 7777 after 0 ms: Connection refused (../lib/sbi/client.c:698)
02/23 19:40:55.788: [sbi] WARNING: ogs_sbi_client_handler() failed [-1] (../lib/sbi/path.c:62)
02/23 19:40:55.803: [app] INFO: NSSF terminate...done (../src/nssf/app.c:39)
